{"/Users/mangosetsuna/Workspace/Busymango/is-esm/index.ts": {"path":"/Users/mangosetsuna/Workspace/Busymango/is-esm/index.ts","all":false,"statementMap":{"0":{"start":{"line":1,"column":0},"end":{"line":1,"column":26}},"1":{"start":{"line":2,"column":0},"end":{"line":2,"column":30}},"2":{"start":{"line":3,"column":0},"end":{"line":3,"column":34}},"3":{"start":{"line":4,"column":0},"end":{"line":4,"column":32}},"4":{"start":{"line":5,"column":0},"end":{"line":5,"column":36}},"5":{"start":{"line":6,"column":0},"end":{"line":6,"column":32}},"6":{"start":{"line":7,"column":0},"end":{"line":7,"column":36}},"7":{"start":{"line":8,"column":0},"end":{"line":8,"column":10}}},"s":{"0":2,"1":2,"2":2,"3":2,"4":2,"5":2,"6":2,"7":2},"branchMap":{},"b":{},"fnMap":{},"f":{}}
,"/Users/mangosetsuna/Workspace/Busymango/is-esm/src/dom.ts": {"path":"/Users/mangosetsuna/Workspace/Busymango/is-esm/src/dom.ts","all":false,"statementMap":{"0":{"start":{"line":1,"column":0},"end":{"line":1,"column":3}},"1":{"start":{"line":2,"column":0},"end":{"line":2,"column":40}},"2":{"start":{"line":3,"column":0},"end":{"line":3,"column":3}},"3":{"start":{"line":4,"column":0},"end":{"line":4,"column":73}},"4":{"start":{"line":5,"column":0},"end":{"line":5,"column":40}},"5":{"start":{"line":6,"column":0},"end":{"line":6,"column":1}},"6":{"start":{"line":7,"column":0},"end":{"line":7,"column":0}},"7":{"start":{"line":8,"column":0},"end":{"line":8,"column":3}},"8":{"start":{"line":9,"column":0},"end":{"line":9,"column":62}},"9":{"start":{"line":10,"column":0},"end":{"line":10,"column":48}},"10":{"start":{"line":11,"column":0},"end":{"line":11,"column":53}},"11":{"start":{"line":12,"column":0},"end":{"line":12,"column":98}},"12":{"start":{"line":13,"column":0},"end":{"line":13,"column":3}},"13":{"start":{"line":14,"column":0},"end":{"line":14,"column":75}},"14":{"start":{"line":15,"column":0},"end":{"line":15,"column":41}},"15":{"start":{"line":16,"column":0},"end":{"line":16,"column":1}},"16":{"start":{"line":17,"column":0},"end":{"line":17,"column":0}},"17":{"start":{"line":18,"column":0},"end":{"line":18,"column":3}},"18":{"start":{"line":19,"column":0},"end":{"line":19,"column":39}},"19":{"start":{"line":20,"column":0},"end":{"line":20,"column":3}},"20":{"start":{"line":21,"column":0},"end":{"line":21,"column":63}},"21":{"start":{"line":22,"column":0},"end":{"line":22,"column":35}},"22":{"start":{"line":23,"column":0},"end":{"line":23,"column":1}},"23":{"start":{"line":24,"column":0},"end":{"line":24,"column":0}},"24":{"start":{"line":25,"column":0},"end":{"line":25,"column":3}},"25":{"start":{"line":26,"column":0},"end":{"line":26,"column":39}},"26":{"start":{"line":27,"column":0},"end":{"line":27,"column":3}},"27":{"start":{"line":28,"column":0},"end":{"line":28,"column":71}},"28":{"start":{"line":29,"column":0},"end":{"line":29,"column":39}},"29":{"start":{"line":30,"column":0},"end":{"line":30,"column":1}}},"s":{"0":2,"1":2,"2":2,"3":2,"4":7,"5":7,"6":2,"7":2,"8":2,"9":2,"10":2,"11":2,"12":2,"13":2,"14":7,"15":7,"16":2,"17":2,"18":2,"19":2,"20":2,"21":7,"22":7,"23":2,"24":2,"25":2,"26":2,"27":2,"28":7,"29":7},"branchMap":{"0":{"type":"branch","line":4,"loc":{"start":{"line":4,"column":7},"end":{"line":6,"column":1}},"locations":[{"start":{"line":4,"column":7},"end":{"line":6,"column":1}}]},"1":{"type":"branch","line":14,"loc":{"start":{"line":14,"column":7},"end":{"line":16,"column":1}},"locations":[{"start":{"line":14,"column":7},"end":{"line":16,"column":1}}]},"2":{"type":"branch","line":21,"loc":{"start":{"line":21,"column":7},"end":{"line":23,"column":1}},"locations":[{"start":{"line":21,"column":7},"end":{"line":23,"column":1}}]},"3":{"type":"branch","line":28,"loc":{"start":{"line":28,"column":7},"end":{"line":30,"column":1}},"locations":[{"start":{"line":28,"column":7},"end":{"line":30,"column":1}}]}},"b":{"0":[7],"1":[7],"2":[7],"3":[7]},"fnMap":{"0":{"name":"isCSSStyleRule","decl":{"start":{"line":4,"column":7},"end":{"line":6,"column":1}},"loc":{"start":{"line":4,"column":7},"end":{"line":6,"column":1}},"line":4},"1":{"name":"isCSSStyleSheet","decl":{"start":{"line":14,"column":7},"end":{"line":16,"column":1}},"loc":{"start":{"line":14,"column":7},"end":{"line":16,"column":1}},"line":14},"2":{"name":"isElement","decl":{"start":{"line":21,"column":7},"end":{"line":23,"column":1}},"loc":{"start":{"line":21,"column":7},"end":{"line":23,"column":1}},"line":21},"3":{"name":"isHTMLElement","decl":{"start":{"line":28,"column":7},"end":{"line":30,"column":1}},"loc":{"start":{"line":28,"column":7},"end":{"line":30,"column":1}},"line":28}},"f":{"0":7,"1":7,"2":7,"3":7}}
,"/Users/mangosetsuna/Workspace/Busymango/is-esm/src/enhance.pro.ts": {"path":"/Users/mangosetsuna/Workspace/Busymango/is-esm/src/enhance.pro.ts","all":false,"statementMap":{"0":{"start":{"line":1,"column":0},"end":{"line":1,"column":56}},"1":{"start":{"line":2,"column":0},"end":{"line":2,"column":43}},"2":{"start":{"line":3,"column":0},"end":{"line":3,"column":39}},"3":{"start":{"line":4,"column":0},"end":{"line":4,"column":0}},"4":{"start":{"line":5,"column":0},"end":{"line":5,"column":30}},"5":{"start":{"line":6,"column":0},"end":{"line":6,"column":32}},"6":{"start":{"line":7,"column":0},"end":{"line":7,"column":29}},"7":{"start":{"line":8,"column":0},"end":{"line":8,"column":33}},"8":{"start":{"line":9,"column":0},"end":{"line":9,"column":1}},"9":{"start":{"line":10,"column":0},"end":{"line":10,"column":0}},"10":{"start":{"line":11,"column":0},"end":{"line":11,"column":3}},"11":{"start":{"line":12,"column":0},"end":{"line":12,"column":26}},"12":{"start":{"line":13,"column":0},"end":{"line":13,"column":25}},"13":{"start":{"line":14,"column":0},"end":{"line":14,"column":22}},"14":{"start":{"line":15,"column":0},"end":{"line":15,"column":36}},"15":{"start":{"line":16,"column":0},"end":{"line":16,"column":36}},"16":{"start":{"line":17,"column":0},"end":{"line":17,"column":6}},"17":{"start":{"line":18,"column":0},"end":{"line":18,"column":3}},"18":{"start":{"line":19,"column":0},"end":{"line":19,"column":48}},"19":{"start":{"line":20,"column":0},"end":{"line":20,"column":9}},"20":{"start":{"line":21,"column":0},"end":{"line":21,"column":17}},"21":{"start":{"line":22,"column":0},"end":{"line":22,"column":20}},"22":{"start":{"line":23,"column":0},"end":{"line":23,"column":27}},"23":{"start":{"line":24,"column":0},"end":{"line":24,"column":60}},"24":{"start":{"line":25,"column":0},"end":{"line":25,"column":1}},"25":{"start":{"line":26,"column":0},"end":{"line":26,"column":0}},"26":{"start":{"line":27,"column":0},"end":{"line":27,"column":3}},"27":{"start":{"line":28,"column":0},"end":{"line":28,"column":45}},"28":{"start":{"line":29,"column":0},"end":{"line":29,"column":3}},"29":{"start":{"line":30,"column":0},"end":{"line":30,"column":79}},"30":{"start":{"line":31,"column":0},"end":{"line":31,"column":10}},"31":{"start":{"line":32,"column":0},"end":{"line":32,"column":28}},"32":{"start":{"line":33,"column":0},"end":{"line":33,"column":27}},"33":{"start":{"line":34,"column":0},"end":{"line":34,"column":74}},"34":{"start":{"line":35,"column":0},"end":{"line":35,"column":4}},"35":{"start":{"line":36,"column":0},"end":{"line":36,"column":1}},"36":{"start":{"line":37,"column":0},"end":{"line":37,"column":0}},"37":{"start":{"line":38,"column":0},"end":{"line":38,"column":3}},"38":{"start":{"line":39,"column":0},"end":{"line":39,"column":43}},"39":{"start":{"line":40,"column":0},"end":{"line":40,"column":3}},"40":{"start":{"line":41,"column":0},"end":{"line":41,"column":79}},"41":{"start":{"line":42,"column":0},"end":{"line":42,"column":10}},"42":{"start":{"line":43,"column":0},"end":{"line":43,"column":23}},"43":{"start":{"line":44,"column":0},"end":{"line":44,"column":49}},"44":{"start":{"line":45,"column":0},"end":{"line":45,"column":49}},"45":{"start":{"line":46,"column":0},"end":{"line":46,"column":51}},"46":{"start":{"line":47,"column":0},"end":{"line":47,"column":4}},"47":{"start":{"line":48,"column":0},"end":{"line":48,"column":1}},"48":{"start":{"line":49,"column":0},"end":{"line":49,"column":0}},"49":{"start":{"line":50,"column":0},"end":{"line":50,"column":3}},"50":{"start":{"line":51,"column":0},"end":{"line":51,"column":40}},"51":{"start":{"line":52,"column":0},"end":{"line":52,"column":3}},"52":{"start":{"line":53,"column":0},"end":{"line":53,"column":73}},"53":{"start":{"line":54,"column":0},"end":{"line":54,"column":10}},"54":{"start":{"line":55,"column":0},"end":{"line":55,"column":33}},"55":{"start":{"line":56,"column":0},"end":{"line":56,"column":32}},"56":{"start":{"line":57,"column":0},"end":{"line":57,"column":32}},"57":{"start":{"line":58,"column":0},"end":{"line":58,"column":25}},"58":{"start":{"line":59,"column":0},"end":{"line":59,"column":4}},"59":{"start":{"line":60,"column":0},"end":{"line":60,"column":1}},"60":{"start":{"line":61,"column":0},"end":{"line":61,"column":0}},"61":{"start":{"line":62,"column":0},"end":{"line":62,"column":3}},"62":{"start":{"line":63,"column":0},"end":{"line":63,"column":38}},"63":{"start":{"line":64,"column":0},"end":{"line":64,"column":3}},"64":{"start":{"line":65,"column":0},"end":{"line":65,"column":68}},"65":{"start":{"line":66,"column":0},"end":{"line":66,"column":66}},"66":{"start":{"line":67,"column":0},"end":{"line":67,"column":72}},"67":{"start":{"line":68,"column":0},"end":{"line":68,"column":1}}},"s":{"0":2,"1":2,"2":2,"3":2,"4":2,"5":2,"6":2,"7":2,"8":2,"9":2,"10":2,"11":2,"12":2,"13":2,"14":2,"15":2,"16":2,"17":2,"18":2,"19":42,"20":42,"21":42,"22":42,"23":42,"24":42,"25":2,"26":2,"27":2,"28":2,"29":2,"30":26,"31":26,"32":15,"33":14,"34":26,"35":26,"36":2,"37":2,"38":2,"39":2,"40":2,"41":23,"42":23,"43":15,"44":9,"45":9,"46":23,"47":23,"48":2,"49":2,"50":2,"51":2,"52":2,"53":18,"54":18,"55":9,"56":8,"57":8,"58":18,"59":18,"60":2,"61":2,"62":2,"63":2,"64":2,"65":7,"66":7,"67":7},"branchMap":{"0":{"type":"branch","line":19,"loc":{"start":{"line":19,"column":7},"end":{"line":25,"column":1}},"locations":[{"start":{"line":19,"column":7},"end":{"line":25,"column":1}}]},"1":{"type":"branch","line":24,"loc":{"start":{"line":24,"column":16},"end":{"line":24,"column":60}},"locations":[{"start":{"line":24,"column":16},"end":{"line":24,"column":60}}]},"2":{"type":"branch","line":30,"loc":{"start":{"line":30,"column":7},"end":{"line":36,"column":1}},"locations":[{"start":{"line":30,"column":7},"end":{"line":36,"column":1}}]},"3":{"type":"branch","line":32,"loc":{"start":{"line":32,"column":24},"end":{"line":33,"column":27}},"locations":[{"start":{"line":32,"column":24},"end":{"line":33,"column":27}}]},"4":{"type":"branch","line":33,"loc":{"start":{"line":33,"column":23},"end":{"line":34,"column":74}},"locations":[{"start":{"line":33,"column":23},"end":{"line":34,"column":74}}]},"5":{"type":"branch","line":34,"loc":{"start":{"line":34,"column":20},"end":{"line":34,"column":74}},"locations":[{"start":{"line":34,"column":20},"end":{"line":34,"column":74}}]},"6":{"type":"branch","line":41,"loc":{"start":{"line":41,"column":7},"end":{"line":48,"column":1}},"locations":[{"start":{"line":41,"column":7},"end":{"line":48,"column":1}}]},"7":{"type":"branch","line":43,"loc":{"start":{"line":43,"column":19},"end":{"line":44,"column":49}},"locations":[{"start":{"line":43,"column":19},"end":{"line":44,"column":49}}]},"8":{"type":"branch","line":44,"loc":{"start":{"line":44,"column":45},"end":{"line":45,"column":49}},"locations":[{"start":{"line":44,"column":45},"end":{"line":45,"column":49}}]},"9":{"type":"branch","line":45,"loc":{"start":{"line":45,"column":45},"end":{"line":46,"column":51}},"locations":[{"start":{"line":45,"column":45},"end":{"line":46,"column":51}}]},"10":{"type":"branch","line":53,"loc":{"start":{"line":53,"column":7},"end":{"line":60,"column":1}},"locations":[{"start":{"line":53,"column":7},"end":{"line":60,"column":1}}]},"11":{"type":"branch","line":55,"loc":{"start":{"line":55,"column":29},"end":{"line":56,"column":32}},"locations":[{"start":{"line":55,"column":29},"end":{"line":56,"column":32}}]},"12":{"type":"branch","line":56,"loc":{"start":{"line":56,"column":28},"end":{"line":57,"column":32}},"locations":[{"start":{"line":56,"column":28},"end":{"line":57,"column":32}}]},"13":{"type":"branch","line":57,"loc":{"start":{"line":57,"column":28},"end":{"line":58,"column":25}},"locations":[{"start":{"line":57,"column":28},"end":{"line":58,"column":25}}]},"14":{"type":"branch","line":65,"loc":{"start":{"line":65,"column":7},"end":{"line":68,"column":1}},"locations":[{"start":{"line":65,"column":7},"end":{"line":68,"column":1}}]},"15":{"type":"branch","line":67,"loc":{"start":{"line":67,"column":24},"end":{"line":67,"column":72}},"locations":[{"start":{"line":67,"column":24},"end":{"line":67,"column":72}}]}},"b":{"0":[42],"1":[29],"2":[26],"3":[15],"4":[14],"5":[6],"6":[23],"7":[15],"8":[9],"9":[9],"10":[18],"11":[9],"12":[8],"13":[8],"14":[7],"15":[3]},"fnMap":{"0":{"name":"isValidKey","decl":{"start":{"line":19,"column":7},"end":{"line":25,"column":1}},"loc":{"start":{"line":19,"column":7},"end":{"line":25,"column":1}},"line":19},"1":{"name":"isArrayBufferLike","decl":{"start":{"line":30,"column":7},"end":{"line":36,"column":1}},"loc":{"start":{"line":30,"column":7},"end":{"line":36,"column":1}},"line":30},"2":{"name":"isArrayBufferView","decl":{"start":{"line":41,"column":7},"end":{"line":48,"column":1}},"loc":{"start":{"line":41,"column":7},"end":{"line":48,"column":1}},"line":41},"3":{"name":"isBufferSource","decl":{"start":{"line":53,"column":7},"end":{"line":60,"column":1}},"loc":{"start":{"line":53,"column":7},"end":{"line":60,"column":1}},"line":53},"4":{"name":"isArguments","decl":{"start":{"line":65,"column":7},"end":{"line":68,"column":1}},"loc":{"start":{"line":65,"column":7},"end":{"line":68,"column":1}},"line":65}},"f":{"0":42,"1":26,"2":23,"3":18,"4":7}}
,"/Users/mangosetsuna/Workspace/Busymango/is-esm/src/enhance.ts": {"path":"/Users/mangosetsuna/Workspace/Busymango/is-esm/src/enhance.ts","all":false,"statementMap":{"0":{"start":{"line":1,"column":0},"end":{"line":1,"column":3}},"1":{"start":{"line":2,"column":0},"end":{"line":2,"column":56}},"2":{"start":{"line":3,"column":0},"end":{"line":3,"column":41}},"3":{"start":{"line":4,"column":0},"end":{"line":4,"column":47}},"4":{"start":{"line":5,"column":0},"end":{"line":5,"column":51}},"5":{"start":{"line":6,"column":0},"end":{"line":6,"column":60}},"6":{"start":{"line":7,"column":0},"end":{"line":7,"column":92}},"7":{"start":{"line":8,"column":0},"end":{"line":8,"column":3}},"8":{"start":{"line":9,"column":0},"end":{"line":9,"column":79}},"9":{"start":{"line":10,"column":0},"end":{"line":10,"column":35}},"10":{"start":{"line":11,"column":0},"end":{"line":11,"column":1}},"11":{"start":{"line":12,"column":0},"end":{"line":12,"column":0}},"12":{"start":{"line":13,"column":0},"end":{"line":13,"column":3}},"13":{"start":{"line":14,"column":0},"end":{"line":14,"column":64}},"14":{"start":{"line":15,"column":0},"end":{"line":15,"column":57}},"15":{"start":{"line":16,"column":0},"end":{"line":16,"column":53}},"16":{"start":{"line":17,"column":0},"end":{"line":17,"column":100}},"17":{"start":{"line":18,"column":0},"end":{"line":18,"column":3}},"18":{"start":{"line":19,"column":0},"end":{"line":19,"column":79}},"19":{"start":{"line":20,"column":0},"end":{"line":20,"column":43}},"20":{"start":{"line":21,"column":0},"end":{"line":21,"column":1}},"21":{"start":{"line":22,"column":0},"end":{"line":22,"column":0}},"22":{"start":{"line":23,"column":0},"end":{"line":23,"column":3}},"23":{"start":{"line":24,"column":0},"end":{"line":24,"column":53}},"24":{"start":{"line":25,"column":0},"end":{"line":25,"column":41}},"25":{"start":{"line":26,"column":0},"end":{"line":26,"column":53}},"26":{"start":{"line":27,"column":0},"end":{"line":27,"column":89}},"27":{"start":{"line":28,"column":0},"end":{"line":28,"column":3}},"28":{"start":{"line":29,"column":0},"end":{"line":29,"column":57}},"29":{"start":{"line":30,"column":0},"end":{"line":30,"column":32}},"30":{"start":{"line":31,"column":0},"end":{"line":31,"column":1}},"31":{"start":{"line":32,"column":0},"end":{"line":32,"column":0}},"32":{"start":{"line":33,"column":0},"end":{"line":33,"column":3}},"33":{"start":{"line":34,"column":0},"end":{"line":34,"column":53}},"34":{"start":{"line":35,"column":0},"end":{"line":35,"column":35}},"35":{"start":{"line":36,"column":0},"end":{"line":36,"column":53}},"36":{"start":{"line":37,"column":0},"end":{"line":37,"column":89}},"37":{"start":{"line":38,"column":0},"end":{"line":38,"column":3}},"38":{"start":{"line":39,"column":0},"end":{"line":39,"column":57}},"39":{"start":{"line":40,"column":0},"end":{"line":40,"column":32}},"40":{"start":{"line":41,"column":0},"end":{"line":41,"column":1}},"41":{"start":{"line":42,"column":0},"end":{"line":42,"column":0}},"42":{"start":{"line":43,"column":0},"end":{"line":43,"column":3}},"43":{"start":{"line":44,"column":0},"end":{"line":44,"column":60}},"44":{"start":{"line":45,"column":0},"end":{"line":45,"column":49}},"45":{"start":{"line":46,"column":0},"end":{"line":46,"column":53}},"46":{"start":{"line":47,"column":0},"end":{"line":47,"column":96}},"47":{"start":{"line":48,"column":0},"end":{"line":48,"column":3}},"48":{"start":{"line":49,"column":0},"end":{"line":49,"column":71}},"49":{"start":{"line":50,"column":0},"end":{"line":50,"column":39}},"50":{"start":{"line":51,"column":0},"end":{"line":51,"column":1}},"51":{"start":{"line":52,"column":0},"end":{"line":52,"column":0}},"52":{"start":{"line":53,"column":0},"end":{"line":53,"column":3}},"53":{"start":{"line":54,"column":0},"end":{"line":54,"column":53}},"54":{"start":{"line":55,"column":0},"end":{"line":55,"column":35}},"55":{"start":{"line":56,"column":0},"end":{"line":56,"column":53}},"56":{"start":{"line":57,"column":0},"end":{"line":57,"column":89}},"57":{"start":{"line":58,"column":0},"end":{"line":58,"column":3}},"58":{"start":{"line":59,"column":0},"end":{"line":59,"column":57}},"59":{"start":{"line":60,"column":0},"end":{"line":60,"column":32}},"60":{"start":{"line":61,"column":0},"end":{"line":61,"column":1}},"61":{"start":{"line":62,"column":0},"end":{"line":62,"column":0}},"62":{"start":{"line":63,"column":0},"end":{"line":63,"column":3}},"63":{"start":{"line":64,"column":0},"end":{"line":64,"column":55}},"64":{"start":{"line":65,"column":0},"end":{"line":65,"column":39}},"65":{"start":{"line":66,"column":0},"end":{"line":66,"column":53}},"66":{"start":{"line":67,"column":0},"end":{"line":67,"column":91}},"67":{"start":{"line":68,"column":0},"end":{"line":68,"column":3}},"68":{"start":{"line":69,"column":0},"end":{"line":69,"column":61}},"69":{"start":{"line":70,"column":0},"end":{"line":70,"column":34}},"70":{"start":{"line":71,"column":0},"end":{"line":71,"column":1}},"71":{"start":{"line":72,"column":0},"end":{"line":72,"column":0}},"72":{"start":{"line":73,"column":0},"end":{"line":73,"column":3}},"73":{"start":{"line":74,"column":0},"end":{"line":74,"column":54}},"74":{"start":{"line":75,"column":0},"end":{"line":75,"column":37}},"75":{"start":{"line":76,"column":0},"end":{"line":76,"column":53}},"76":{"start":{"line":77,"column":0},"end":{"line":77,"column":90}},"77":{"start":{"line":78,"column":0},"end":{"line":78,"column":3}},"78":{"start":{"line":79,"column":0},"end":{"line":79,"column":59}},"79":{"start":{"line":80,"column":0},"end":{"line":80,"column":33}},"80":{"start":{"line":81,"column":0},"end":{"line":81,"column":1}},"81":{"start":{"line":82,"column":0},"end":{"line":82,"column":0}},"82":{"start":{"line":83,"column":0},"end":{"line":83,"column":3}},"83":{"start":{"line":84,"column":0},"end":{"line":84,"column":59}},"84":{"start":{"line":85,"column":0},"end":{"line":85,"column":47}},"85":{"start":{"line":86,"column":0},"end":{"line":86,"column":53}},"86":{"start":{"line":87,"column":0},"end":{"line":87,"column":95}},"87":{"start":{"line":88,"column":0},"end":{"line":88,"column":3}},"88":{"start":{"line":89,"column":0},"end":{"line":89,"column":69}},"89":{"start":{"line":90,"column":0},"end":{"line":90,"column":38}},"90":{"start":{"line":91,"column":0},"end":{"line":91,"column":1}},"91":{"start":{"line":92,"column":0},"end":{"line":92,"column":0}},"92":{"start":{"line":93,"column":0},"end":{"line":93,"column":3}},"93":{"start":{"line":94,"column":0},"end":{"line":94,"column":56}},"94":{"start":{"line":95,"column":0},"end":{"line":95,"column":41}},"95":{"start":{"line":96,"column":0},"end":{"line":96,"column":46}},"96":{"start":{"line":97,"column":0},"end":{"line":97,"column":53}},"97":{"start":{"line":98,"column":0},"end":{"line":98,"column":92}},"98":{"start":{"line":99,"column":0},"end":{"line":99,"column":3}},"99":{"start":{"line":100,"column":0},"end":{"line":100,"column":45}},"100":{"start":{"line":101,"column":0},"end":{"line":101,"column":18}},"101":{"start":{"line":102,"column":0},"end":{"line":102,"column":25}},"102":{"start":{"line":103,"column":0},"end":{"line":103,"column":35}},"103":{"start":{"line":104,"column":0},"end":{"line":104,"column":1}},"104":{"start":{"line":105,"column":0},"end":{"line":105,"column":0}},"105":{"start":{"line":106,"column":0},"end":{"line":106,"column":3}},"106":{"start":{"line":107,"column":0},"end":{"line":107,"column":60}},"107":{"start":{"line":108,"column":0},"end":{"line":108,"column":2}},"108":{"start":{"line":109,"column":0},"end":{"line":109,"column":36}},"109":{"start":{"line":110,"column":0},"end":{"line":110,"column":79}},"110":{"start":{"line":111,"column":0},"end":{"line":111,"column":3}},"111":{"start":{"line":112,"column":0},"end":{"line":112,"column":65}},"112":{"start":{"line":113,"column":0},"end":{"line":113,"column":36}},"113":{"start":{"line":114,"column":0},"end":{"line":114,"column":1}},"114":{"start":{"line":115,"column":0},"end":{"line":115,"column":0}},"115":{"start":{"line":116,"column":0},"end":{"line":116,"column":3}},"116":{"start":{"line":117,"column":0},"end":{"line":117,"column":66}},"117":{"start":{"line":118,"column":0},"end":{"line":118,"column":2}},"118":{"start":{"line":119,"column":0},"end":{"line":119,"column":36}},"119":{"start":{"line":120,"column":0},"end":{"line":120,"column":85}},"120":{"start":{"line":121,"column":0},"end":{"line":121,"column":3}},"121":{"start":{"line":122,"column":0},"end":{"line":122,"column":77}},"122":{"start":{"line":123,"column":0},"end":{"line":123,"column":42}},"123":{"start":{"line":124,"column":0},"end":{"line":124,"column":1}}},"s":{"0":2,"1":2,"2":2,"3":2,"4":2,"5":2,"6":2,"7":2,"8":2,"9":8,"10":8,"11":2,"12":2,"13":2,"14":2,"15":2,"16":2,"17":2,"18":2,"19":7,"20":7,"21":2,"22":2,"23":2,"24":2,"25":2,"26":2,"27":2,"28":2,"29":7,"30":7,"31":2,"32":2,"33":2,"34":2,"35":2,"36":2,"37":2,"38":2,"39":7,"40":7,"41":2,"42":2,"43":2,"44":2,"45":2,"46":2,"47":2,"48":2,"49":41,"50":41,"51":2,"52":2,"53":2,"54":2,"55":2,"56":2,"57":2,"58":2,"59":7,"60":7,"61":2,"62":2,"63":2,"64":2,"65":2,"66":2,"67":2,"68":2,"69":8,"70":8,"71":2,"72":2,"73":2,"74":2,"75":2,"76":2,"77":2,"78":2,"79":7,"80":7,"81":2,"82":2,"83":2,"84":2,"85":2,"86":2,"87":2,"88":2,"89":22,"90":22,"91":2,"92":2,"93":2,"94":2,"95":2,"96":2,"97":2,"98":2,"99":2,"100":7,"101":7,"102":7,"103":7,"104":2,"105":2,"106":2,"107":2,"108":2,"109":2,"110":2,"111":2,"112":9,"113":9,"114":2,"115":2,"116":2,"117":2,"118":2,"119":2,"120":2,"121":2,"122":9,"123":9},"branchMap":{"0":{"type":"branch","line":9,"loc":{"start":{"line":9,"column":7},"end":{"line":11,"column":1}},"locations":[{"start":{"line":9,"column":7},"end":{"line":11,"column":1}}]},"1":{"type":"branch","line":19,"loc":{"start":{"line":19,"column":7},"end":{"line":21,"column":1}},"locations":[{"start":{"line":19,"column":7},"end":{"line":21,"column":1}}]},"2":{"type":"branch","line":29,"loc":{"start":{"line":29,"column":7},"end":{"line":31,"column":1}},"locations":[{"start":{"line":29,"column":7},"end":{"line":31,"column":1}}]},"3":{"type":"branch","line":39,"loc":{"start":{"line":39,"column":7},"end":{"line":41,"column":1}},"locations":[{"start":{"line":39,"column":7},"end":{"line":41,"column":1}}]},"4":{"type":"branch","line":49,"loc":{"start":{"line":49,"column":7},"end":{"line":51,"column":1}},"locations":[{"start":{"line":49,"column":7},"end":{"line":51,"column":1}}]},"5":{"type":"branch","line":59,"loc":{"start":{"line":59,"column":7},"end":{"line":61,"column":1}},"locations":[{"start":{"line":59,"column":7},"end":{"line":61,"column":1}}]},"6":{"type":"branch","line":69,"loc":{"start":{"line":69,"column":7},"end":{"line":71,"column":1}},"locations":[{"start":{"line":69,"column":7},"end":{"line":71,"column":1}}]},"7":{"type":"branch","line":79,"loc":{"start":{"line":79,"column":7},"end":{"line":81,"column":1}},"locations":[{"start":{"line":79,"column":7},"end":{"line":81,"column":1}}]},"8":{"type":"branch","line":89,"loc":{"start":{"line":89,"column":7},"end":{"line":91,"column":1}},"locations":[{"start":{"line":89,"column":7},"end":{"line":91,"column":1}}]},"9":{"type":"branch","line":100,"loc":{"start":{"line":100,"column":7},"end":{"line":104,"column":1}},"locations":[{"start":{"line":100,"column":7},"end":{"line":104,"column":1}}]},"10":{"type":"branch","line":112,"loc":{"start":{"line":112,"column":7},"end":{"line":114,"column":1}},"locations":[{"start":{"line":112,"column":7},"end":{"line":114,"column":1}}]},"11":{"type":"branch","line":122,"loc":{"start":{"line":122,"column":7},"end":{"line":124,"column":1}},"locations":[{"start":{"line":122,"column":7},"end":{"line":124,"column":1}}]}},"b":{"0":[8],"1":[7],"2":[7],"3":[7],"4":[41],"5":[7],"6":[8],"7":[7],"8":[22],"9":[7],"10":[9],"11":[9]},"fnMap":{"0":{"name":"isPromise","decl":{"start":{"line":9,"column":7},"end":{"line":11,"column":1}},"loc":{"start":{"line":9,"column":7},"end":{"line":11,"column":1}},"line":9},"1":{"name":"isURLSearchParams","decl":{"start":{"line":19,"column":7},"end":{"line":21,"column":1}},"loc":{"start":{"line":19,"column":7},"end":{"line":21,"column":1}},"line":19},"2":{"name":"isBlob","decl":{"start":{"line":29,"column":7},"end":{"line":31,"column":1}},"loc":{"start":{"line":29,"column":7},"end":{"line":31,"column":1}},"line":29},"3":{"name":"isFile","decl":{"start":{"line":39,"column":7},"end":{"line":41,"column":1}},"loc":{"start":{"line":39,"column":7},"end":{"line":41,"column":1}},"line":39},"4":{"name":"isArrayBuffer","decl":{"start":{"line":49,"column":7},"end":{"line":51,"column":1}},"loc":{"start":{"line":49,"column":7},"end":{"line":51,"column":1}},"line":49},"5":{"name":"isDate","decl":{"start":{"line":59,"column":7},"end":{"line":61,"column":1}},"loc":{"start":{"line":59,"column":7},"end":{"line":61,"column":1}},"line":59},"6":{"name":"isRegExp","decl":{"start":{"line":69,"column":7},"end":{"line":71,"column":1}},"loc":{"start":{"line":69,"column":7},"end":{"line":71,"column":1}},"line":69},"7":{"name":"isError","decl":{"start":{"line":79,"column":7},"end":{"line":81,"column":1}},"loc":{"start":{"line":79,"column":7},"end":{"line":81,"column":1}},"line":79},"8":{"name":"isUint8Array","decl":{"start":{"line":89,"column":7},"end":{"line":91,"column":1}},"loc":{"start":{"line":89,"column":7},"end":{"line":91,"column":1}},"line":89},"9":{"name":"isWeakSet","decl":{"start":{"line":100,"column":7},"end":{"line":104,"column":1}},"loc":{"start":{"line":100,"column":7},"end":{"line":104,"column":1}},"line":100},"10":{"name":"isFormData","decl":{"start":{"line":112,"column":7},"end":{"line":114,"column":1}},"loc":{"start":{"line":112,"column":7},"end":{"line":114,"column":1}},"line":112},"11":{"name":"isReadableStream","decl":{"start":{"line":122,"column":7},"end":{"line":124,"column":1}},"loc":{"start":{"line":122,"column":7},"end":{"line":124,"column":1}},"line":122}},"f":{"0":8,"1":7,"2":7,"3":7,"4":41,"5":7,"6":8,"7":7,"8":22,"9":7,"10":9,"11":9}}
,"/Users/mangosetsuna/Workspace/Busymango/is-esm/src/primitive.pro.ts": {"path":"/Users/mangosetsuna/Workspace/Busymango/is-esm/src/primitive.pro.ts","all":false,"statementMap":{"0":{"start":{"line":1,"column":0},"end":{"line":1,"column":49}},"1":{"start":{"line":2,"column":0},"end":{"line":2,"column":0}},"2":{"start":{"line":3,"column":0},"end":{"line":3,"column":3}},"3":{"start":{"line":4,"column":0},"end":{"line":4,"column":59}},"4":{"start":{"line":5,"column":0},"end":{"line":5,"column":3}},"5":{"start":{"line":6,"column":0},"end":{"line":6,"column":62}},"6":{"start":{"line":7,"column":0},"end":{"line":7,"column":50}},"7":{"start":{"line":8,"column":0},"end":{"line":8,"column":1}},"8":{"start":{"line":9,"column":0},"end":{"line":9,"column":0}},"9":{"start":{"line":10,"column":0},"end":{"line":10,"column":3}},"10":{"start":{"line":11,"column":0},"end":{"line":11,"column":63}},"11":{"start":{"line":12,"column":0},"end":{"line":12,"column":3}},"12":{"start":{"line":13,"column":0},"end":{"line":13,"column":33}},"13":{"start":{"line":14,"column":0},"end":{"line":14,"column":18}},"14":{"start":{"line":15,"column":0},"end":{"line":15,"column":34}},"15":{"start":{"line":16,"column":0},"end":{"line":16,"column":50}},"16":{"start":{"line":17,"column":0},"end":{"line":17,"column":1}},"17":{"start":{"line":18,"column":0},"end":{"line":18,"column":0}},"18":{"start":{"line":19,"column":0},"end":{"line":19,"column":3}},"19":{"start":{"line":20,"column":0},"end":{"line":20,"column":53}},"20":{"start":{"line":21,"column":0},"end":{"line":21,"column":3}},"21":{"start":{"line":22,"column":0},"end":{"line":22,"column":58}},"22":{"start":{"line":23,"column":0},"end":{"line":23,"column":50}},"23":{"start":{"line":24,"column":0},"end":{"line":24,"column":1}},"24":{"start":{"line":25,"column":0},"end":{"line":25,"column":0}},"25":{"start":{"line":26,"column":0},"end":{"line":26,"column":3}},"26":{"start":{"line":27,"column":0},"end":{"line":27,"column":81}},"27":{"start":{"line":28,"column":0},"end":{"line":28,"column":3}},"28":{"start":{"line":29,"column":0},"end":{"line":29,"column":61}},"29":{"start":{"line":30,"column":0},"end":{"line":30,"column":33}},"30":{"start":{"line":31,"column":0},"end":{"line":31,"column":1}},"31":{"start":{"line":32,"column":0},"end":{"line":32,"column":0}},"32":{"start":{"line":33,"column":0},"end":{"line":33,"column":3}},"33":{"start":{"line":34,"column":0},"end":{"line":34,"column":54}},"34":{"start":{"line":35,"column":0},"end":{"line":35,"column":3}},"35":{"start":{"line":36,"column":0},"end":{"line":36,"column":62}},"36":{"start":{"line":37,"column":0},"end":{"line":37,"column":34}},"37":{"start":{"line":38,"column":0},"end":{"line":38,"column":1}},"38":{"start":{"line":39,"column":0},"end":{"line":39,"column":0}},"39":{"start":{"line":40,"column":0},"end":{"line":40,"column":3}},"40":{"start":{"line":41,"column":0},"end":{"line":41,"column":59}},"41":{"start":{"line":42,"column":0},"end":{"line":42,"column":3}},"42":{"start":{"line":43,"column":0},"end":{"line":43,"column":66}},"43":{"start":{"line":44,"column":0},"end":{"line":44,"column":38}},"44":{"start":{"line":45,"column":0},"end":{"line":45,"column":1}}},"s":{"0":2,"1":2,"2":2,"3":2,"4":2,"5":2,"6":17,"7":17,"8":2,"9":2,"10":2,"11":2,"12":2,"13":9,"14":9,"15":9,"16":9,"17":2,"18":2,"19":2,"20":2,"21":2,"22":10,"23":10,"24":2,"25":2,"26":2,"27":2,"28":2,"29":28,"30":28,"31":2,"32":2,"33":2,"34":2,"35":2,"36":8,"37":8,"38":2,"39":2,"40":2,"41":2,"42":2,"43":12,"44":12},"branchMap":{"0":{"type":"branch","line":6,"loc":{"start":{"line":6,"column":7},"end":{"line":8,"column":1}},"locations":[{"start":{"line":6,"column":7},"end":{"line":8,"column":1}}]},"1":{"type":"branch","line":7,"loc":{"start":{"line":7,"column":24},"end":{"line":7,"column":50}},"locations":[{"start":{"line":7,"column":24},"end":{"line":7,"column":50}}]},"2":{"type":"branch","line":22,"loc":{"start":{"line":22,"column":7},"end":{"line":24,"column":1}},"locations":[{"start":{"line":22,"column":7},"end":{"line":24,"column":1}}]},"3":{"type":"branch","line":23,"loc":{"start":{"line":23,"column":24},"end":{"line":23,"column":50}},"locations":[{"start":{"line":23,"column":24},"end":{"line":23,"column":50}}]},"4":{"type":"branch","line":13,"loc":{"start":{"line":13,"column":7},"end":{"line":17,"column":1}},"locations":[{"start":{"line":13,"column":7},"end":{"line":17,"column":1}}]},"5":{"type":"branch","line":16,"loc":{"start":{"line":16,"column":24},"end":{"line":16,"column":50}},"locations":[{"start":{"line":16,"column":24},"end":{"line":16,"column":50}}]},"6":{"type":"branch","line":29,"loc":{"start":{"line":29,"column":7},"end":{"line":31,"column":1}},"locations":[{"start":{"line":29,"column":7},"end":{"line":31,"column":1}}]},"7":{"type":"branch","line":36,"loc":{"start":{"line":36,"column":7},"end":{"line":38,"column":1}},"locations":[{"start":{"line":36,"column":7},"end":{"line":38,"column":1}}]},"8":{"type":"branch","line":43,"loc":{"start":{"line":43,"column":7},"end":{"line":45,"column":1}},"locations":[{"start":{"line":43,"column":7},"end":{"line":45,"column":1}}]}},"b":{"0":[17],"1":[6],"2":[10],"3":[4],"4":[9],"5":[4],"6":[28],"7":[8],"8":[12]},"fnMap":{"0":{"name":"isEmptyString","decl":{"start":{"line":6,"column":7},"end":{"line":8,"column":1}},"loc":{"start":{"line":6,"column":7},"end":{"line":8,"column":1}},"line":6},"1":{"name":"isNonEmptyString","decl":{"start":{"line":13,"column":7},"end":{"line":17,"column":1}},"loc":{"start":{"line":13,"column":7},"end":{"line":17,"column":1}},"line":13},"2":{"name":"isNaN","decl":{"start":{"line":22,"column":7},"end":{"line":24,"column":1}},"loc":{"start":{"line":22,"column":7},"end":{"line":24,"column":1}},"line":22},"3":{"name":"isFinite","decl":{"start":{"line":29,"column":7},"end":{"line":31,"column":1}},"loc":{"start":{"line":29,"column":7},"end":{"line":31,"column":1}},"line":29},"4":{"name":"isInteger","decl":{"start":{"line":36,"column":7},"end":{"line":38,"column":1}},"loc":{"start":{"line":36,"column":7},"end":{"line":38,"column":1}},"line":36},"5":{"name":"isSafeInteger","decl":{"start":{"line":43,"column":7},"end":{"line":45,"column":1}},"loc":{"start":{"line":43,"column":7},"end":{"line":45,"column":1}},"line":43}},"f":{"0":17,"1":9,"2":10,"3":28,"4":8,"5":12}}
,"/Users/mangosetsuna/Workspace/Busymango/is-esm/src/primitive.ts": {"path":"/Users/mangosetsuna/Workspace/Busymango/is-esm/src/primitive.ts","all":false,"statementMap":{"0":{"start":{"line":1,"column":0},"end":{"line":1,"column":28}},"1":{"start":{"line":2,"column":0},"end":{"line":2,"column":35}},"2":{"start":{"line":3,"column":0},"end":{"line":3,"column":0}},"3":{"start":{"line":4,"column":0},"end":{"line":4,"column":3}},"4":{"start":{"line":5,"column":0},"end":{"line":5,"column":37}},"5":{"start":{"line":6,"column":0},"end":{"line":6,"column":3}},"6":{"start":{"line":7,"column":0},"end":{"line":7,"column":67}},"7":{"start":{"line":8,"column":0},"end":{"line":8,"column":30}},"8":{"start":{"line":9,"column":0},"end":{"line":9,"column":1}},"9":{"start":{"line":10,"column":0},"end":{"line":10,"column":0}},"10":{"start":{"line":11,"column":0},"end":{"line":11,"column":3}},"11":{"start":{"line":12,"column":0},"end":{"line":12,"column":42}},"12":{"start":{"line":13,"column":0},"end":{"line":13,"column":3}},"13":{"start":{"line":14,"column":0},"end":{"line":14,"column":71}},"14":{"start":{"line":15,"column":0},"end":{"line":15,"column":30}},"15":{"start":{"line":16,"column":0},"end":{"line":16,"column":1}},"16":{"start":{"line":17,"column":0},"end":{"line":17,"column":0}},"17":{"start":{"line":18,"column":0},"end":{"line":18,"column":3}},"18":{"start":{"line":19,"column":0},"end":{"line":19,"column":32}},"19":{"start":{"line":20,"column":0},"end":{"line":20,"column":3}},"20":{"start":{"line":21,"column":0},"end":{"line":21,"column":57}},"21":{"start":{"line":22,"column":0},"end":{"line":22,"column":25}},"22":{"start":{"line":23,"column":0},"end":{"line":23,"column":1}},"23":{"start":{"line":24,"column":0},"end":{"line":24,"column":0}},"24":{"start":{"line":25,"column":0},"end":{"line":25,"column":3}},"25":{"start":{"line":26,"column":0},"end":{"line":26,"column":31}},"26":{"start":{"line":27,"column":0},"end":{"line":27,"column":3}},"27":{"start":{"line":28,"column":0},"end":{"line":28,"column":55}},"28":{"start":{"line":29,"column":0},"end":{"line":29,"column":47}},"29":{"start":{"line":30,"column":0},"end":{"line":30,"column":1}},"30":{"start":{"line":31,"column":0},"end":{"line":31,"column":0}},"31":{"start":{"line":32,"column":0},"end":{"line":32,"column":3}},"32":{"start":{"line":33,"column":0},"end":{"line":33,"column":34}},"33":{"start":{"line":34,"column":0},"end":{"line":34,"column":3}},"34":{"start":{"line":35,"column":0},"end":{"line":35,"column":61}},"35":{"start":{"line":36,"column":0},"end":{"line":36,"column":64}},"36":{"start":{"line":37,"column":0},"end":{"line":37,"column":1}},"37":{"start":{"line":38,"column":0},"end":{"line":38,"column":0}},"38":{"start":{"line":39,"column":0},"end":{"line":39,"column":3}},"39":{"start":{"line":40,"column":0},"end":{"line":40,"column":34}},"40":{"start":{"line":41,"column":0},"end":{"line":41,"column":52}},"41":{"start":{"line":42,"column":0},"end":{"line":42,"column":3}},"42":{"start":{"line":43,"column":0},"end":{"line":43,"column":61}},"43":{"start":{"line":44,"column":0},"end":{"line":44,"column":64}},"44":{"start":{"line":45,"column":0},"end":{"line":45,"column":1}},"45":{"start":{"line":46,"column":0},"end":{"line":46,"column":0}},"46":{"start":{"line":47,"column":0},"end":{"line":47,"column":3}},"47":{"start":{"line":48,"column":0},"end":{"line":48,"column":32}},"48":{"start":{"line":49,"column":0},"end":{"line":49,"column":3}},"49":{"start":{"line":50,"column":0},"end":{"line":50,"column":57}},"50":{"start":{"line":51,"column":0},"end":{"line":51,"column":25}},"51":{"start":{"line":52,"column":0},"end":{"line":52,"column":1}},"52":{"start":{"line":53,"column":0},"end":{"line":53,"column":0}},"53":{"start":{"line":54,"column":0},"end":{"line":54,"column":3}},"54":{"start":{"line":55,"column":0},"end":{"line":55,"column":33}},"55":{"start":{"line":56,"column":0},"end":{"line":56,"column":3}},"56":{"start":{"line":57,"column":0},"end":{"line":57,"column":59}},"57":{"start":{"line":58,"column":0},"end":{"line":58,"column":26}},"58":{"start":{"line":59,"column":0},"end":{"line":59,"column":1}},"59":{"start":{"line":60,"column":0},"end":{"line":60,"column":0}},"60":{"start":{"line":61,"column":0},"end":{"line":61,"column":3}},"61":{"start":{"line":62,"column":0},"end":{"line":62,"column":35}},"62":{"start":{"line":63,"column":0},"end":{"line":63,"column":3}},"63":{"start":{"line":64,"column":0},"end":{"line":64,"column":63}},"64":{"start":{"line":65,"column":0},"end":{"line":65,"column":43}},"65":{"start":{"line":66,"column":0},"end":{"line":66,"column":1}},"66":{"start":{"line":67,"column":0},"end":{"line":67,"column":0}},"67":{"start":{"line":68,"column":0},"end":{"line":68,"column":3}},"68":{"start":{"line":69,"column":0},"end":{"line":69,"column":54}},"69":{"start":{"line":70,"column":0},"end":{"line":70,"column":3}},"70":{"start":{"line":71,"column":0},"end":{"line":71,"column":58}},"71":{"start":{"line":72,"column":0},"end":{"line":72,"column":46}},"72":{"start":{"line":73,"column":0},"end":{"line":73,"column":1}},"73":{"start":{"line":74,"column":0},"end":{"line":74,"column":0}},"74":{"start":{"line":75,"column":0},"end":{"line":75,"column":3}},"75":{"start":{"line":76,"column":0},"end":{"line":76,"column":56}},"76":{"start":{"line":77,"column":0},"end":{"line":77,"column":3}},"77":{"start":{"line":78,"column":0},"end":{"line":78,"column":63}},"78":{"start":{"line":79,"column":0},"end":{"line":79,"column":46}},"79":{"start":{"line":80,"column":0},"end":{"line":80,"column":2}},"80":{"start":{"line":81,"column":0},"end":{"line":81,"column":0}},"81":{"start":{"line":82,"column":0},"end":{"line":82,"column":3}},"82":{"start":{"line":83,"column":0},"end":{"line":83,"column":34}},"83":{"start":{"line":84,"column":0},"end":{"line":84,"column":3}},"84":{"start":{"line":85,"column":0},"end":{"line":85,"column":61}},"85":{"start":{"line":86,"column":0},"end":{"line":86,"column":36}},"86":{"start":{"line":87,"column":0},"end":{"line":87,"column":1}},"87":{"start":{"line":88,"column":0},"end":{"line":88,"column":0}},"88":{"start":{"line":89,"column":0},"end":{"line":89,"column":3}},"89":{"start":{"line":90,"column":0},"end":{"line":90,"column":34}},"90":{"start":{"line":91,"column":0},"end":{"line":91,"column":3}},"91":{"start":{"line":92,"column":0},"end":{"line":92,"column":61}},"92":{"start":{"line":93,"column":0},"end":{"line":93,"column":36}},"93":{"start":{"line":94,"column":0},"end":{"line":94,"column":1}}},"s":{"0":2,"1":2,"2":2,"3":2,"4":2,"5":2,"6":2,"7":100,"8":100,"9":2,"10":2,"11":2,"12":2,"13":2,"14":2,"15":2,"16":2,"17":2,"18":2,"19":2,"20":2,"21":117,"22":117,"23":2,"24":2,"25":2,"26":2,"27":2,"28":101,"29":101,"30":2,"31":2,"32":2,"33":2,"34":2,"35":47,"36":47,"37":2,"38":2,"39":2,"40":2,"41":2,"42":2,"43":41,"44":41,"45":2,"46":2,"47":2,"48":2,"49":2,"50":13,"51":13,"52":2,"53":2,"54":2,"55":2,"56":2,"57":12,"58":12,"59":2,"60":2,"61":2,"62":2,"63":2,"64":7,"65":7,"66":2,"67":2,"68":2,"69":2,"70":2,"71":10,"72":10,"73":2,"74":2,"75":2,"76":2,"77":2,"78":10,"79":10,"80":2,"81":2,"82":2,"83":2,"84":2,"85":8,"86":8,"87":2,"88":2,"89":2,"90":2,"91":2,"92":10,"93":10},"branchMap":{"0":{"type":"branch","line":7,"loc":{"start":{"line":7,"column":7},"end":{"line":9,"column":1}},"locations":[{"start":{"line":7,"column":7},"end":{"line":9,"column":1}}]},"1":{"type":"branch","line":21,"loc":{"start":{"line":21,"column":7},"end":{"line":23,"column":1}},"locations":[{"start":{"line":21,"column":7},"end":{"line":23,"column":1}}]},"2":{"type":"branch","line":28,"loc":{"start":{"line":28,"column":7},"end":{"line":30,"column":1}},"locations":[{"start":{"line":28,"column":7},"end":{"line":30,"column":1}}]},"3":{"type":"branch","line":29,"loc":{"start":{"line":29,"column":22},"end":{"line":29,"column":47}},"locations":[{"start":{"line":29,"column":22},"end":{"line":29,"column":47}}]},"4":{"type":"branch","line":35,"loc":{"start":{"line":35,"column":7},"end":{"line":37,"column":1}},"locations":[{"start":{"line":35,"column":7},"end":{"line":37,"column":1}}]},"5":{"type":"branch","line":36,"loc":{"start":{"line":36,"column":27},"end":{"line":36,"column":64}},"locations":[{"start":{"line":36,"column":27},"end":{"line":36,"column":64}}]},"6":{"type":"branch","line":43,"loc":{"start":{"line":43,"column":7},"end":{"line":45,"column":1}},"locations":[{"start":{"line":43,"column":7},"end":{"line":45,"column":1}}]},"7":{"type":"branch","line":44,"loc":{"start":{"line":44,"column":27},"end":{"line":44,"column":64}},"locations":[{"start":{"line":44,"column":27},"end":{"line":44,"column":64}}]},"8":{"type":"branch","line":14,"loc":{"start":{"line":14,"column":7},"end":{"line":16,"column":1}},"locations":[{"start":{"line":14,"column":7},"end":{"line":16,"column":1}}]},"9":{"type":"branch","line":50,"loc":{"start":{"line":50,"column":7},"end":{"line":52,"column":1}},"locations":[{"start":{"line":50,"column":7},"end":{"line":52,"column":1}}]},"10":{"type":"branch","line":57,"loc":{"start":{"line":57,"column":7},"end":{"line":59,"column":1}},"locations":[{"start":{"line":57,"column":7},"end":{"line":59,"column":1}}]},"11":{"type":"branch","line":64,"loc":{"start":{"line":64,"column":7},"end":{"line":66,"column":1}},"locations":[{"start":{"line":64,"column":7},"end":{"line":66,"column":1}}]},"12":{"type":"branch","line":65,"loc":{"start":{"line":65,"column":22},"end":{"line":65,"column":43}},"locations":[{"start":{"line":65,"column":22},"end":{"line":65,"column":43}}]},"13":{"type":"branch","line":71,"loc":{"start":{"line":71,"column":7},"end":{"line":73,"column":1}},"locations":[{"start":{"line":71,"column":7},"end":{"line":73,"column":1}}]},"14":{"type":"branch","line":72,"loc":{"start":{"line":72,"column":24},"end":{"line":72,"column":46}},"locations":[{"start":{"line":72,"column":24},"end":{"line":72,"column":46}}]},"15":{"type":"branch","line":78,"loc":{"start":{"line":78,"column":23},"end":{"line":80,"column":2}},"locations":[{"start":{"line":78,"column":23},"end":{"line":80,"column":2}}]},"16":{"type":"branch","line":79,"loc":{"start":{"line":79,"column":24},"end":{"line":79,"column":46}},"locations":[{"start":{"line":79,"column":24},"end":{"line":79,"column":46}}]},"17":{"type":"branch","line":85,"loc":{"start":{"line":85,"column":7},"end":{"line":87,"column":1}},"locations":[{"start":{"line":85,"column":7},"end":{"line":87,"column":1}}]},"18":{"type":"branch","line":92,"loc":{"start":{"line":92,"column":7},"end":{"line":94,"column":1}},"locations":[{"start":{"line":92,"column":7},"end":{"line":94,"column":1}}]}},"b":{"0":[100],"1":[117],"2":[101],"3":[91],"4":[47],"5":[27],"6":[41],"7":[24],"8":[2],"9":[13],"10":[12],"11":[7],"12":[6],"13":[10],"14":[5],"15":[10],"16":[5],"17":[8],"18":[10]},"fnMap":{"0":{"name":"isUndefined","decl":{"start":{"line":7,"column":7},"end":{"line":9,"column":1}},"loc":{"start":{"line":7,"column":7},"end":{"line":9,"column":1}},"line":7},"1":{"name":"isNotUndefined","decl":{"start":{"line":14,"column":7},"end":{"line":16,"column":1}},"loc":{"start":{"line":14,"column":7},"end":{"line":16,"column":1}},"line":14},"2":{"name":"isNull","decl":{"start":{"line":21,"column":7},"end":{"line":23,"column":1}},"loc":{"start":{"line":21,"column":7},"end":{"line":23,"column":1}},"line":21},"3":{"name":"isNil","decl":{"start":{"line":28,"column":7},"end":{"line":30,"column":1}},"loc":{"start":{"line":28,"column":7},"end":{"line":30,"column":1}},"line":28},"4":{"name":"isString","decl":{"start":{"line":35,"column":7},"end":{"line":37,"column":1}},"loc":{"start":{"line":35,"column":7},"end":{"line":37,"column":1}},"line":35},"5":{"name":"isNumber","decl":{"start":{"line":43,"column":7},"end":{"line":45,"column":1}},"loc":{"start":{"line":43,"column":7},"end":{"line":45,"column":1}},"line":43},"6":{"name":"isTrue","decl":{"start":{"line":50,"column":7},"end":{"line":52,"column":1}},"loc":{"start":{"line":50,"column":7},"end":{"line":52,"column":1}},"line":50},"7":{"name":"isFalse","decl":{"start":{"line":57,"column":7},"end":{"line":59,"column":1}},"loc":{"start":{"line":57,"column":7},"end":{"line":59,"column":1}},"line":57},"8":{"name":"isBoolean","decl":{"start":{"line":64,"column":7},"end":{"line":66,"column":1}},"loc":{"start":{"line":64,"column":7},"end":{"line":66,"column":1}},"line":64},"9":{"name":"isInt","decl":{"start":{"line":71,"column":7},"end":{"line":73,"column":1}},"loc":{"start":{"line":71,"column":7},"end":{"line":73,"column":1}},"line":71},"10":{"name":"isFloat","decl":{"start":{"line":78,"column":23},"end":{"line":80,"column":2}},"loc":{"start":{"line":78,"column":23},"end":{"line":80,"column":2}},"line":78},"11":{"name":"isBigInt","decl":{"start":{"line":85,"column":7},"end":{"line":87,"column":1}},"loc":{"start":{"line":85,"column":7},"end":{"line":87,"column":1}},"line":85},"12":{"name":"isSymbol","decl":{"start":{"line":92,"column":7},"end":{"line":94,"column":1}},"loc":{"start":{"line":92,"column":7},"end":{"line":94,"column":1}},"line":92}},"f":{"0":100,"1":2,"2":117,"3":101,"4":47,"5":41,"6":13,"7":12,"8":7,"9":10,"10":10,"11":8,"12":10}}
,"/Users/mangosetsuna/Workspace/Busymango/is-esm/src/reference.pro.ts": {"path":"/Users/mangosetsuna/Workspace/Busymango/is-esm/src/reference.pro.ts","all":false,"statementMap":{"0":{"start":{"line":1,"column":0},"end":{"line":1,"column":46}},"1":{"start":{"line":2,"column":0},"end":{"line":2,"column":55}},"2":{"start":{"line":3,"column":0},"end":{"line":3,"column":48}},"3":{"start":{"line":4,"column":0},"end":{"line":4,"column":0}},"4":{"start":{"line":5,"column":0},"end":{"line":5,"column":111}},"5":{"start":{"line":6,"column":0},"end":{"line":6,"column":27}},"6":{"start":{"line":7,"column":0},"end":{"line":7,"column":25}},"7":{"start":{"line":8,"column":0},"end":{"line":8,"column":2}},"8":{"start":{"line":9,"column":0},"end":{"line":9,"column":0}},"9":{"start":{"line":10,"column":0},"end":{"line":10,"column":3}},"10":{"start":{"line":11,"column":0},"end":{"line":11,"column":49}},"11":{"start":{"line":12,"column":0},"end":{"line":12,"column":37}},"12":{"start":{"line":13,"column":0},"end":{"line":13,"column":61}},"13":{"start":{"line":14,"column":0},"end":{"line":14,"column":3}},"14":{"start":{"line":15,"column":0},"end":{"line":15,"column":71}},"15":{"start":{"line":16,"column":0},"end":{"line":16,"column":71}},"16":{"start":{"line":17,"column":0},"end":{"line":17,"column":1}},"17":{"start":{"line":18,"column":0},"end":{"line":18,"column":0}},"18":{"start":{"line":19,"column":0},"end":{"line":19,"column":3}},"19":{"start":{"line":20,"column":0},"end":{"line":20,"column":123}},"20":{"start":{"line":21,"column":0},"end":{"line":21,"column":37}},"21":{"start":{"line":22,"column":0},"end":{"line":22,"column":61}},"22":{"start":{"line":23,"column":0},"end":{"line":23,"column":3}},"23":{"start":{"line":24,"column":0},"end":{"line":24,"column":71}},"24":{"start":{"line":25,"column":0},"end":{"line":25,"column":40}},"25":{"start":{"line":26,"column":0},"end":{"line":26,"column":38}},"26":{"start":{"line":27,"column":0},"end":{"line":27,"column":85}},"27":{"start":{"line":28,"column":0},"end":{"line":28,"column":64}},"28":{"start":{"line":29,"column":0},"end":{"line":29,"column":0}},"29":{"start":{"line":30,"column":0},"end":{"line":30,"column":88}},"30":{"start":{"line":31,"column":0},"end":{"line":31,"column":0}},"31":{"start":{"line":32,"column":0},"end":{"line":32,"column":80}},"32":{"start":{"line":33,"column":0},"end":{"line":33,"column":51}},"33":{"start":{"line":34,"column":0},"end":{"line":34,"column":0}},"34":{"start":{"line":35,"column":0},"end":{"line":35,"column":54}},"35":{"start":{"line":36,"column":0},"end":{"line":36,"column":40}},"36":{"start":{"line":37,"column":0},"end":{"line":37,"column":54}},"37":{"start":{"line":38,"column":0},"end":{"line":38,"column":68}},"38":{"start":{"line":39,"column":0},"end":{"line":39,"column":3}},"39":{"start":{"line":40,"column":0},"end":{"line":40,"column":167}},"40":{"start":{"line":41,"column":0},"end":{"line":41,"column":54}},"41":{"start":{"line":42,"column":0},"end":{"line":42,"column":1}},"42":{"start":{"line":43,"column":0},"end":{"line":43,"column":0}},"43":{"start":{"line":44,"column":0},"end":{"line":44,"column":3}},"44":{"start":{"line":45,"column":0},"end":{"line":45,"column":57}},"45":{"start":{"line":46,"column":0},"end":{"line":46,"column":3}},"46":{"start":{"line":47,"column":0},"end":{"line":47,"column":65}},"47":{"start":{"line":48,"column":0},"end":{"line":48,"column":48}},"48":{"start":{"line":49,"column":0},"end":{"line":49,"column":1}},"49":{"start":{"line":50,"column":0},"end":{"line":50,"column":0}},"50":{"start":{"line":51,"column":0},"end":{"line":51,"column":3}},"51":{"start":{"line":52,"column":0},"end":{"line":52,"column":55}},"52":{"start":{"line":53,"column":0},"end":{"line":53,"column":3}},"53":{"start":{"line":54,"column":0},"end":{"line":54,"column":68}},"54":{"start":{"line":55,"column":0},"end":{"line":55,"column":46}},"55":{"start":{"line":56,"column":0},"end":{"line":56,"column":1}},"56":{"start":{"line":57,"column":0},"end":{"line":57,"column":0}},"57":{"start":{"line":58,"column":0},"end":{"line":58,"column":3}},"58":{"start":{"line":59,"column":0},"end":{"line":59,"column":55}},"59":{"start":{"line":60,"column":0},"end":{"line":60,"column":3}},"60":{"start":{"line":61,"column":0},"end":{"line":61,"column":68}},"61":{"start":{"line":62,"column":0},"end":{"line":62,"column":59}},"62":{"start":{"line":63,"column":0},"end":{"line":63,"column":1}},"63":{"start":{"line":64,"column":0},"end":{"line":64,"column":0}},"64":{"start":{"line":65,"column":0},"end":{"line":65,"column":3}},"65":{"start":{"line":66,"column":0},"end":{"line":66,"column":44}},"66":{"start":{"line":67,"column":0},"end":{"line":67,"column":69}},"67":{"start":{"line":68,"column":0},"end":{"line":68,"column":36}},"68":{"start":{"line":69,"column":0},"end":{"line":69,"column":52}},"69":{"start":{"line":70,"column":0},"end":{"line":70,"column":3}},"70":{"start":{"line":71,"column":0},"end":{"line":71,"column":42}},"71":{"start":{"line":72,"column":0},"end":{"line":72,"column":123}},"72":{"start":{"line":73,"column":0},"end":{"line":73,"column":10}},"73":{"start":{"line":74,"column":0},"end":{"line":74,"column":60}},"74":{"start":{"line":75,"column":0},"end":{"line":75,"column":62}},"75":{"start":{"line":76,"column":0},"end":{"line":76,"column":62}},"76":{"start":{"line":77,"column":0},"end":{"line":77,"column":57}},"77":{"start":{"line":78,"column":0},"end":{"line":78,"column":39}},"78":{"start":{"line":79,"column":0},"end":{"line":79,"column":4}},"79":{"start":{"line":80,"column":0},"end":{"line":80,"column":1}}},"s":{"0":2,"1":2,"2":2,"3":2,"4":2,"5":2,"6":2,"7":2,"8":2,"9":2,"10":2,"11":2,"12":2,"13":2,"14":2,"15":17,"16":17,"17":2,"18":2,"19":2,"20":2,"21":2,"22":2,"23":2,"24":38,"25":38,"26":27,"27":38,"28":15,"29":15,"30":15,"31":15,"32":38,"33":13,"34":13,"35":13,"36":38,"37":17,"38":17,"39":13,"40":13,"41":13,"42":2,"43":2,"44":2,"45":2,"46":2,"47":19,"48":19,"49":2,"50":2,"51":2,"52":2,"53":2,"54":20,"55":20,"56":2,"57":2,"58":2,"59":2,"60":2,"61":12,"62":12,"63":2,"64":2,"65":2,"66":2,"67":2,"68":2,"69":2,"70":2,"71":11,"72":11,"73":11,"74":9,"75":8,"76":7,"77":5,"78":11,"79":11},"branchMap":{"0":{"type":"branch","line":15,"loc":{"start":{"line":15,"column":7},"end":{"line":17,"column":1}},"locations":[{"start":{"line":15,"column":7},"end":{"line":17,"column":1}}]},"1":{"type":"branch","line":16,"loc":{"start":{"line":16,"column":29},"end":{"line":16,"column":71}},"locations":[{"start":{"line":16,"column":29},"end":{"line":16,"column":71}}]},"2":{"type":"branch","line":24,"loc":{"start":{"line":24,"column":7},"end":{"line":42,"column":1}},"locations":[{"start":{"line":24,"column":7},"end":{"line":42,"column":1}}]},"3":{"type":"branch","line":26,"loc":{"start":{"line":26,"column":25},"end":{"line":26,"column":38}},"locations":[{"start":{"line":26,"column":25},"end":{"line":26,"column":38}}]},"4":{"type":"branch","line":26,"loc":{"start":{"line":26,"column":32},"end":{"line":28,"column":58}},"locations":[{"start":{"line":26,"column":32},"end":{"line":28,"column":58}}]},"5":{"type":"branch","line":28,"loc":{"start":{"line":28,"column":51},"end":{"line":28,"column":64}},"locations":[{"start":{"line":28,"column":51},"end":{"line":28,"column":64}}]},"6":{"type":"branch","line":28,"loc":{"start":{"line":28,"column":58},"end":{"line":33,"column":46}},"locations":[{"start":{"line":28,"column":58},"end":{"line":33,"column":46}}]},"7":{"type":"branch","line":33,"loc":{"start":{"line":33,"column":39},"end":{"line":33,"column":51}},"locations":[{"start":{"line":33,"column":39},"end":{"line":33,"column":51}}]},"8":{"type":"branch","line":33,"loc":{"start":{"line":33,"column":46},"end":{"line":37,"column":53}},"locations":[{"start":{"line":33,"column":46},"end":{"line":37,"column":53}}]},"9":{"type":"branch","line":37,"loc":{"start":{"line":37,"column":53},"end":{"line":39,"column":3}},"locations":[{"start":{"line":37,"column":53},"end":{"line":39,"column":3}}]},"10":{"type":"branch","line":39,"loc":{"start":{"line":39,"column":2},"end":{"line":42,"column":1}},"locations":[{"start":{"line":39,"column":2},"end":{"line":42,"column":1}}]},"11":{"type":"branch","line":47,"loc":{"start":{"line":47,"column":7},"end":{"line":49,"column":1}},"locations":[{"start":{"line":47,"column":7},"end":{"line":49,"column":1}}]},"12":{"type":"branch","line":48,"loc":{"start":{"line":48,"column":23},"end":{"line":48,"column":48}},"locations":[{"start":{"line":48,"column":23},"end":{"line":48,"column":48}}]},"13":{"type":"branch","line":54,"loc":{"start":{"line":54,"column":7},"end":{"line":56,"column":1}},"locations":[{"start":{"line":54,"column":7},"end":{"line":56,"column":1}}]},"14":{"type":"branch","line":55,"loc":{"start":{"line":55,"column":23},"end":{"line":55,"column":46}},"locations":[{"start":{"line":55,"column":23},"end":{"line":55,"column":46}}]},"15":{"type":"branch","line":61,"loc":{"start":{"line":61,"column":7},"end":{"line":63,"column":1}},"locations":[{"start":{"line":61,"column":7},"end":{"line":63,"column":1}}]},"16":{"type":"branch","line":62,"loc":{"start":{"line":62,"column":31},"end":{"line":62,"column":59}},"locations":[{"start":{"line":62,"column":31},"end":{"line":62,"column":59}}]},"17":{"type":"branch","line":71,"loc":{"start":{"line":71,"column":7},"end":{"line":80,"column":1}},"locations":[{"start":{"line":71,"column":7},"end":{"line":80,"column":1}}]},"18":{"type":"branch","line":74,"loc":{"start":{"line":74,"column":23},"end":{"line":75,"column":62}},"locations":[{"start":{"line":74,"column":23},"end":{"line":75,"column":62}}]},"19":{"type":"branch","line":75,"loc":{"start":{"line":75,"column":24},"end":{"line":76,"column":62}},"locations":[{"start":{"line":75,"column":24},"end":{"line":76,"column":62}}]},"20":{"type":"branch","line":76,"loc":{"start":{"line":76,"column":24},"end":{"line":77,"column":57}},"locations":[{"start":{"line":76,"column":24},"end":{"line":77,"column":57}}]},"21":{"type":"branch","line":77,"loc":{"start":{"line":77,"column":16},"end":{"line":78,"column":39}},"locations":[{"start":{"line":77,"column":16},"end":{"line":78,"column":39}}]}},"b":{"0":[17],"1":[5],"2":[38],"3":[11],"4":[27],"5":[12],"6":[15],"7":[2],"8":[13],"9":[17],"10":[13],"11":[19],"12":[6],"13":[20],"14":[10],"15":[12],"16":[5],"17":[11],"18":[9],"19":[8],"20":[7],"21":[5]},"fnMap":{"0":{"name":"isEmptyObject","decl":{"start":{"line":15,"column":7},"end":{"line":17,"column":1}},"loc":{"start":{"line":15,"column":7},"end":{"line":17,"column":1}},"line":15},"1":{"name":"isPlainObject","decl":{"start":{"line":24,"column":7},"end":{"line":42,"column":1}},"loc":{"start":{"line":24,"column":7},"end":{"line":42,"column":1}},"line":24},"2":{"name":"isEmptyArray","decl":{"start":{"line":47,"column":7},"end":{"line":49,"column":1}},"loc":{"start":{"line":47,"column":7},"end":{"line":49,"column":1}},"line":47},"3":{"name":"isNonEmptyArray","decl":{"start":{"line":54,"column":7},"end":{"line":56,"column":1}},"loc":{"start":{"line":54,"column":7},"end":{"line":56,"column":1}},"line":54},"4":{"name":"isStringArray","decl":{"start":{"line":61,"column":7},"end":{"line":63,"column":1}},"loc":{"start":{"line":61,"column":7},"end":{"line":63,"column":1}},"line":61},"5":{"name":"isEmpty","decl":{"start":{"line":71,"column":7},"end":{"line":80,"column":1}},"loc":{"start":{"line":71,"column":7},"end":{"line":80,"column":1}},"line":71}},"f":{"0":17,"1":38,"2":19,"3":20,"4":12,"5":11}}
,"/Users/mangosetsuna/Workspace/Busymango/is-esm/src/reference.ts": {"path":"/Users/mangosetsuna/Workspace/Busymango/is-esm/src/reference.ts","all":false,"statementMap":{"0":{"start":{"line":1,"column":0},"end":{"line":1,"column":49}},"1":{"start":{"line":2,"column":0},"end":{"line":2,"column":36}},"2":{"start":{"line":3,"column":0},"end":{"line":3,"column":0}},"3":{"start":{"line":4,"column":0},"end":{"line":4,"column":3}},"4":{"start":{"line":5,"column":0},"end":{"line":5,"column":34}},"5":{"start":{"line":6,"column":0},"end":{"line":6,"column":3}},"6":{"start":{"line":7,"column":0},"end":{"line":7,"column":61}},"7":{"start":{"line":8,"column":0},"end":{"line":8,"column":29}},"8":{"start":{"line":9,"column":0},"end":{"line":9,"column":34}},"9":{"start":{"line":10,"column":0},"end":{"line":10,"column":50}},"10":{"start":{"line":11,"column":0},"end":{"line":11,"column":1}},"11":{"start":{"line":12,"column":0},"end":{"line":12,"column":0}},"12":{"start":{"line":13,"column":0},"end":{"line":13,"column":3}},"13":{"start":{"line":14,"column":0},"end":{"line":14,"column":36}},"14":{"start":{"line":15,"column":0},"end":{"line":15,"column":3}},"15":{"start":{"line":16,"column":0},"end":{"line":16,"column":65}},"16":{"start":{"line":17,"column":0},"end":{"line":17,"column":38}},"17":{"start":{"line":18,"column":0},"end":{"line":18,"column":1}},"18":{"start":{"line":19,"column":0},"end":{"line":19,"column":0}},"19":{"start":{"line":20,"column":0},"end":{"line":20,"column":3}},"20":{"start":{"line":21,"column":0},"end":{"line":21,"column":33}},"21":{"start":{"line":22,"column":0},"end":{"line":22,"column":3}},"22":{"start":{"line":23,"column":0},"end":{"line":23,"column":60}},"23":{"start":{"line":24,"column":0},"end":{"line":24,"column":31}},"24":{"start":{"line":25,"column":0},"end":{"line":25,"column":1}}},"s":{"0":2,"1":2,"2":2,"3":2,"4":2,"5":2,"6":2,"7":92,"8":92,"9":92,"10":92,"11":2,"12":2,"13":2,"14":2,"15":2,"16":9,"17":9,"18":2,"19":2,"20":2,"21":2,"22":2,"23":47,"24":47},"branchMap":{"0":{"type":"branch","line":7,"loc":{"start":{"line":7,"column":7},"end":{"line":11,"column":1}},"locations":[{"start":{"line":7,"column":7},"end":{"line":11,"column":1}}]},"1":{"type":"branch","line":9,"loc":{"start":{"line":9,"column":21},"end":{"line":9,"column":34}},"locations":[{"start":{"line":9,"column":21},"end":{"line":9,"column":34}}]},"2":{"type":"branch","line":9,"loc":{"start":{"line":9,"column":28},"end":{"line":10,"column":30}},"locations":[{"start":{"line":9,"column":28},"end":{"line":10,"column":30}}]},"3":{"type":"branch","line":10,"loc":{"start":{"line":10,"column":18},"end":{"line":10,"column":50}},"locations":[{"start":{"line":10,"column":18},"end":{"line":10,"column":50}}]},"4":{"type":"branch","line":23,"loc":{"start":{"line":23,"column":7},"end":{"line":25,"column":1}},"locations":[{"start":{"line":23,"column":7},"end":{"line":25,"column":1}}]},"5":{"type":"branch","line":16,"loc":{"start":{"line":16,"column":7},"end":{"line":18,"column":1}},"locations":[{"start":{"line":16,"column":7},"end":{"line":18,"column":1}}]}},"b":{"0":[92],"1":[16],"2":[76],"3":[22],"4":[47],"5":[9]},"fnMap":{"0":{"name":"isObject","decl":{"start":{"line":7,"column":7},"end":{"line":11,"column":1}},"loc":{"start":{"line":7,"column":7},"end":{"line":11,"column":1}},"line":7},"1":{"name":"isFunction","decl":{"start":{"line":16,"column":7},"end":{"line":18,"column":1}},"loc":{"start":{"line":16,"column":7},"end":{"line":18,"column":1}},"line":16},"2":{"name":"isArray","decl":{"start":{"line":23,"column":7},"end":{"line":25,"column":1}},"loc":{"start":{"line":23,"column":7},"end":{"line":25,"column":1}},"line":23}},"f":{"0":92,"1":9,"2":47}}
}
